2020-09-27 11:29:47.316 [restartedMain] INFO  com.yl.soft.PlatformApplication - Starting PlatformApplication on DESKTOP-AVKRA6K with PID 772 (D:\ylkj\ranqiyunzhanserver\target\classes started by Administrator in D:\ylkj\ranqiyunzhanserver)
2020-09-27 11:29:47.321 [restartedMain] INFO  com.yl.soft.PlatformApplication - The following profiles are active: dev
2020-09-27 11:29:47.376 [restartedMain] INFO  o.s.b.d.env.DevToolsPropertyDefaultsPostProcessor - Devtools property defaults active! Set 'spring.devtools.add-properties' to 'false' to disable
2020-09-27 11:29:47.376 [restartedMain] INFO  o.s.b.d.env.DevToolsPropertyDefaultsPostProcessor - For additional web related logging consider setting the 'logging.level.web' property to 'DEBUG'
2020-09-27 11:29:48.613 [restartedMain] INFO  o.s.d.r.config.RepositoryConfigurationDelegate - Multiple Spring Data modules found, entering strict repository configuration mode!
2020-09-27 11:29:48.617 [restartedMain] INFO  o.s.d.r.config.RepositoryConfigurationDelegate - Bootstrapping Spring Data Redis repositories in DEFAULT mode.
2020-09-27 11:29:48.667 [restartedMain] INFO  o.s.d.r.config.RepositoryConfigurationDelegate - Finished Spring Data repository scanning in 37ms. Found 0 Redis repository interfaces.
2020-09-27 11:29:49.245 [restartedMain] INFO  o.s.boot.web.embedded.tomcat.TomcatWebServer - Tomcat initialized with port(s): 8100 (http)
2020-09-27 11:29:49.253 [restartedMain] INFO  org.apache.coyote.http11.Http11NioProtocol - Initializing ProtocolHandler ["http-nio-8100"]
2020-09-27 11:29:49.254 [restartedMain] INFO  org.apache.catalina.core.StandardService - Starting service [Tomcat]
2020-09-27 11:29:49.254 [restartedMain] INFO  org.apache.catalina.core.StandardEngine - Starting Servlet engine: [Apache Tomcat/9.0.36]
2020-09-27 11:29:49.342 [restartedMain] INFO  o.a.c.core.ContainerBase.[Tomcat].[localhost].[/] - Initializing Spring embedded WebApplicationContext
2020-09-27 11:29:49.342 [restartedMain] INFO  o.s.b.w.s.c.ServletWebServerApplicationContext - Root WebApplicationContext: initialization completed in 1965 ms
2020-09-27 11:29:50.943 [restartedMain] INFO  o.s.b.actuate.endpoint.web.EndpointLinksResolver - Exposing 2 endpoint(s) beneath base path '/actuator'
2020-09-27 11:29:50.997 [restartedMain] INFO  s.d.s.w.PropertySourcedRequestMappingHandlerMapping - Mapped URL path [/v2/api-docs] onto method [springfox.documentation.swagger2.web.Swagger2Controller#getDocumentation(String, HttpServletRequest)]
2020-09-27 11:29:51.083 [restartedMain] INFO  o.s.scheduling.concurrent.ThreadPoolTaskExecutor - Initializing ExecutorService 'applicationTaskExecutor'
2020-09-27 11:29:51.120 [restartedMain] INFO  o.s.b.d.autoconfigure.OptionalLiveReloadServer - LiveReload server is running on port 35729
2020-09-27 11:29:51.148 [restartedMain] INFO  o.s.b.a.web.servlet.WelcomePageHandlerMapping - Adding welcome page template: index
2020-09-27 11:29:51.569 [restartedMain] INFO  org.apache.coyote.http11.Http11NioProtocol - Starting ProtocolHandler ["http-nio-8100"]
2020-09-27 11:29:51.590 [restartedMain] INFO  o.s.boot.web.embedded.tomcat.TomcatWebServer - Tomcat started on port(s): 8100 (http) with context path ''
2020-09-27 11:29:51.591 [restartedMain] INFO  s.d.s.web.plugins.DocumentationPluginsBootstrapper - Context refreshed
2020-09-27 11:29:51.604 [restartedMain] INFO  s.d.s.web.plugins.DocumentationPluginsBootstrapper - Found 1 custom documentation plugin(s)
2020-09-27 11:29:51.637 [restartedMain] INFO  s.d.spring.web.scanners.ApiListingReferenceScanner - Scanning for api listing references
2020-09-27 11:29:51.825 [restartedMain] INFO  com.yl.soft.PlatformApplication - Started PlatformApplication in 5.157 seconds (JVM running for 6.201)
2020-09-27 11:29:52.543 [RMI TCP Connection(3)-192.168.80.1] INFO  o.a.c.core.ContainerBase.[Tomcat].[localhost].[/] - Initializing Spring DispatcherServlet 'dispatcherServlet'
2020-09-27 11:29:52.543 [RMI TCP Connection(3)-192.168.80.1] INFO  org.springframework.web.servlet.DispatcherServlet - Initializing Servlet 'dispatcherServlet'
2020-09-27 11:29:52.550 [RMI TCP Connection(3)-192.168.80.1] INFO  org.springframework.web.servlet.DispatcherServlet - Completed initialization in 7 ms
2020-09-27 11:29:52.573 [RMI TCP Connection(4)-192.168.80.1] INFO  com.alibaba.druid.pool.DruidDataSource - {dataSource-1} inited
2020-09-27 11:56:18.971 [Thread-351] INFO  o.s.scheduling.concurrent.ThreadPoolTaskExecutor - Shutting down ExecutorService 'applicationTaskExecutor'
2020-09-27 11:56:18.975 [Thread-351] INFO  com.alibaba.druid.pool.DruidDataSource - {dataSource-1} closing ...
2020-09-27 11:56:18.986 [Thread-351] INFO  com.alibaba.druid.pool.DruidDataSource - {dataSource-1} closed
2020-09-27 11:56:19.456 [restartedMain] INFO  com.yl.soft.PlatformApplication - Starting PlatformApplication on DESKTOP-AVKRA6K with PID 772 (D:\ylkj\ranqiyunzhanserver\target\classes started by Administrator in D:\ylkj\ranqiyunzhanserver)
2020-09-27 11:56:19.457 [restartedMain] INFO  com.yl.soft.PlatformApplication - The following profiles are active: dev
2020-09-27 11:56:20.369 [restartedMain] INFO  o.s.d.r.config.RepositoryConfigurationDelegate - Multiple Spring Data modules found, entering strict repository configuration mode!
2020-09-27 11:56:20.369 [restartedMain] INFO  o.s.d.r.config.RepositoryConfigurationDelegate - Bootstrapping Spring Data Redis repositories in DEFAULT mode.
2020-09-27 11:56:20.396 [restartedMain] INFO  o.s.d.r.config.RepositoryConfigurationDelegate - Finished Spring Data repository scanning in 26ms. Found 0 Redis repository interfaces.
2020-09-27 11:56:20.523 [restartedMain] INFO  o.s.boot.web.embedded.tomcat.TomcatWebServer - Tomcat initialized with port(s): 8100 (http)
2020-09-27 11:56:20.523 [restartedMain] INFO  org.apache.coyote.http11.Http11NioProtocol - Initializing ProtocolHandler ["http-nio-8100"]
2020-09-27 11:56:20.523 [restartedMain] INFO  org.apache.catalina.core.StandardService - Starting service [Tomcat]
2020-09-27 11:56:20.524 [restartedMain] INFO  org.apache.catalina.core.StandardEngine - Starting Servlet engine: [Apache Tomcat/9.0.36]
2020-09-27 11:56:20.543 [restartedMain] INFO  o.a.c.core.ContainerBase.[Tomcat].[localhost].[/] - Initializing Spring embedded WebApplicationContext
2020-09-27 11:56:20.543 [restartedMain] INFO  o.s.b.w.s.c.ServletWebServerApplicationContext - Root WebApplicationContext: initialization completed in 1081 ms
2020-09-27 11:56:21.174 [restartedMain] INFO  o.s.b.actuate.endpoint.web.EndpointLinksResolver - Exposing 2 endpoint(s) beneath base path '/actuator'
2020-09-27 11:56:21.193 [restartedMain] INFO  s.d.s.w.PropertySourcedRequestMappingHandlerMapping - Mapped URL path [/v2/api-docs] onto method [springfox.documentation.swagger2.web.Swagger2Controller#getDocumentation(String, HttpServletRequest)]
2020-09-27 11:56:21.225 [restartedMain] INFO  o.s.scheduling.concurrent.ThreadPoolTaskExecutor - Initializing ExecutorService 'applicationTaskExecutor'
2020-09-27 11:56:21.232 [restartedMain] INFO  o.s.b.d.autoconfigure.OptionalLiveReloadServer - LiveReload server is running on port 35729
2020-09-27 11:56:21.239 [restartedMain] INFO  o.s.b.a.web.servlet.WelcomePageHandlerMapping - Adding welcome page template: index
2020-09-27 11:56:21.477 [restartedMain] INFO  org.apache.coyote.http11.Http11NioProtocol - Starting ProtocolHandler ["http-nio-8100"]
2020-09-27 11:56:21.480 [restartedMain] INFO  o.s.boot.web.embedded.tomcat.TomcatWebServer - Tomcat started on port(s): 8100 (http) with context path ''
2020-09-27 11:56:21.481 [restartedMain] INFO  s.d.s.web.plugins.DocumentationPluginsBootstrapper - Context refreshed
2020-09-27 11:56:21.482 [restartedMain] INFO  s.d.s.web.plugins.DocumentationPluginsBootstrapper - Found 1 custom documentation plugin(s)
2020-09-27 11:56:21.488 [restartedMain] INFO  s.d.spring.web.scanners.ApiListingReferenceScanner - Scanning for api listing references
2020-09-27 11:56:21.538 [restartedMain] INFO  com.yl.soft.PlatformApplication - Started PlatformApplication in 2.154 seconds (JVM running for 1595.914)
2020-09-27 11:56:21.540 [restartedMain] INFO  o.s.b.d.a.ConditionEvaluationDeltaLoggingListener - Condition evaluation unchanged
2020-09-27 12:00:09.083 [Thread-369] INFO  o.s.scheduling.concurrent.ThreadPoolTaskExecutor - Shutting down ExecutorService 'applicationTaskExecutor'
2020-09-27 12:00:09.085 [Thread-369] INFO  com.alibaba.druid.pool.DruidDataSource - {dataSource-0} closing ...
2020-09-27 12:00:09.410 [restartedMain] INFO  com.yl.soft.PlatformApplication - Starting PlatformApplication on DESKTOP-AVKRA6K with PID 772 (D:\ylkj\ranqiyunzhanserver\target\classes started by Administrator in D:\ylkj\ranqiyunzhanserver)
2020-09-27 12:00:09.410 [restartedMain] INFO  com.yl.soft.PlatformApplication - The following profiles are active: dev
2020-09-27 12:00:09.903 [restartedMain] INFO  o.s.d.r.config.RepositoryConfigurationDelegate - Multiple Spring Data modules found, entering strict repository configuration mode!
2020-09-27 12:00:09.903 [restartedMain] INFO  o.s.d.r.config.RepositoryConfigurationDelegate - Bootstrapping Spring Data Redis repositories in DEFAULT mode.
2020-09-27 12:00:09.908 [restartedMain] INFO  o.s.d.r.config.RepositoryConfigurationDelegate - Finished Spring Data repository scanning in 5ms. Found 0 Redis repository interfaces.
2020-09-27 12:00:10.047 [restartedMain] INFO  o.s.boot.web.embedded.tomcat.TomcatWebServer - Tomcat initialized with port(s): 8100 (http)
2020-09-27 12:00:10.048 [restartedMain] INFO  org.apache.coyote.http11.Http11NioProtocol - Initializing ProtocolHandler ["http-nio-8100"]
2020-09-27 12:00:10.048 [restartedMain] INFO  org.apache.catalina.core.StandardService - Starting service [Tomcat]
2020-09-27 12:00:10.048 [restartedMain] INFO  org.apache.catalina.core.StandardEngine - Starting Servlet engine: [Apache Tomcat/9.0.36]
2020-09-27 12:00:10.069 [restartedMain] INFO  o.a.c.core.ContainerBase.[Tomcat].[localhost].[/] - Initializing Spring embedded WebApplicationContext
2020-09-27 12:00:10.069 [restartedMain] INFO  o.s.b.w.s.c.ServletWebServerApplicationContext - Root WebApplicationContext: initialization completed in 655 ms
2020-09-27 12:00:10.159 [restartedMain] INFO  o.s.scheduling.concurrent.ThreadPoolTaskExecutor - Initializing ExecutorService 'applicationTaskExecutor'
2020-09-27 12:00:10.174 [restartedMain] INFO  o.s.b.a.web.servlet.WelcomePageHandlerMapping - Adding welcome page template: index
2020-09-27 12:00:10.206 [restartedMain] INFO  c.a.d.s.b.a.DruidDataSourceAutoConfigure - Init DruidDataSource
2020-09-27 12:00:18.876 [restartedMain] INFO  com.alibaba.druid.pool.DruidDataSource - {dataSource-2} inited
2020-09-27 12:00:19.396 [restartedMain] INFO  o.s.b.d.autoconfigure.OptionalLiveReloadServer - LiveReload server is running on port 35729
2020-09-27 12:00:19.398 [restartedMain] INFO  o.s.b.actuate.endpoint.web.EndpointLinksResolver - Exposing 2 endpoint(s) beneath base path '/actuator'
2020-09-27 12:00:19.413 [restartedMain] INFO  org.apache.coyote.http11.Http11NioProtocol - Starting ProtocolHandler ["http-nio-8100"]
2020-09-27 12:00:19.415 [restartedMain] INFO  o.s.boot.web.embedded.tomcat.TomcatWebServer - Tomcat started on port(s): 8100 (http) with context path ''
2020-09-27 12:00:19.420 [restartedMain] INFO  com.yl.soft.PlatformApplication - Started PlatformApplication in 10.071 seconds (JVM running for 1833.797)
2020-09-27 12:00:19.424 [restartedMain] INFO  o.s.b.d.a.ConditionEvaluationDeltaLoggingListener - Condition evaluation delta:


==========================
CONDITION EVALUATION DELTA
==========================


Positive matches:
-----------------

   DruidDataSourceAutoConfigure#dataSource matched:
      - @ConditionalOnMissingBean (types: javax.sql.DataSource; SearchStrategy: all) did not find any beans (OnBeanCondition)

   MybatisAutoConfiguration.MapperScannerRegistrarNotFoundConfiguration matched:
      - @ConditionalOnMissingBean (types: org.mybatis.spring.mapper.MapperFactoryBean; SearchStrategy: all) did not find any beans (OnBeanCondition)

   MybatisPlusAutoConfiguration.MapperScannerRegistrarNotFoundConfiguration matched:
      - @ConditionalOnMissingBean (types: org.mybatis.spring.mapper.MapperFactoryBean,org.mybatis.spring.mapper.MapperScannerConfigurer; SearchStrategy: all) did not find any beans (OnBeanCondition)


Negative matches:
-----------------

    None


Exclusions:
-----------

    None


Unconditional classes:
----------------------

    None



2020-09-27 13:32:06.702 [SpringContextShutdownHook] INFO  com.alibaba.druid.pool.DruidDataSource - {dataSource-2} closing ...
2020-09-27 13:32:06.705 [SpringContextShutdownHook] INFO  com.alibaba.druid.pool.DruidDataSource - {dataSource-2} closed
2020-09-27 13:32:06.705 [SpringContextShutdownHook] INFO  o.s.scheduling.concurrent.ThreadPoolTaskExecutor - Shutting down ExecutorService 'applicationTaskExecutor'
2020-09-27 13:32:13.015 [restartedMain] INFO  com.yl.soft.PlatformApplication - Starting PlatformApplication on DESKTOP-AVKRA6K with PID 14928 (D:\ylkj\ranqiyunzhanserver\target\classes started by Administrator in D:\ylkj\ranqiyunzhanserver)
2020-09-27 13:32:13.018 [restartedMain] INFO  com.yl.soft.PlatformApplication - The following profiles are active: dev
2020-09-27 13:32:13.066 [restartedMain] INFO  o.s.b.d.env.DevToolsPropertyDefaultsPostProcessor - Devtools property defaults active! Set 'spring.devtools.add-properties' to 'false' to disable
2020-09-27 13:32:13.066 [restartedMain] INFO  o.s.b.d.env.DevToolsPropertyDefaultsPostProcessor - For additional web related logging consider setting the 'logging.level.web' property to 'DEBUG'
2020-09-27 13:32:14.326 [restartedMain] INFO  o.s.d.r.config.RepositoryConfigurationDelegate - Multiple Spring Data modules found, entering strict repository configuration mode!
2020-09-27 13:32:14.328 [restartedMain] INFO  o.s.d.r.config.RepositoryConfigurationDelegate - Bootstrapping Spring Data Redis repositories in DEFAULT mode.
2020-09-27 13:32:14.378 [restartedMain] INFO  o.s.d.r.config.RepositoryConfigurationDelegate - Finished Spring Data repository scanning in 36ms. Found 0 Redis repository interfaces.
2020-09-27 13:32:14.970 [restartedMain] INFO  o.s.boot.web.embedded.tomcat.TomcatWebServer - Tomcat initialized with port(s): 8100 (http)
2020-09-27 13:32:14.978 [restartedMain] INFO  org.apache.coyote.http11.Http11NioProtocol - Initializing ProtocolHandler ["http-nio-8100"]
2020-09-27 13:32:14.979 [restartedMain] INFO  org.apache.catalina.core.StandardService - Starting service [Tomcat]
2020-09-27 13:32:14.979 [restartedMain] INFO  org.apache.catalina.core.StandardEngine - Starting Servlet engine: [Apache Tomcat/9.0.36]
2020-09-27 13:32:15.068 [restartedMain] INFO  o.a.c.core.ContainerBase.[Tomcat].[localhost].[/] - Initializing Spring embedded WebApplicationContext
2020-09-27 13:32:15.068 [restartedMain] INFO  o.s.b.w.s.c.ServletWebServerApplicationContext - Root WebApplicationContext: initialization completed in 2002 ms
2020-09-27 13:32:16.750 [restartedMain] INFO  o.s.b.actuate.endpoint.web.EndpointLinksResolver - Exposing 2 endpoint(s) beneath base path '/actuator'
2020-09-27 13:32:16.802 [restartedMain] INFO  s.d.s.w.PropertySourcedRequestMappingHandlerMapping - Mapped URL path [/v2/api-docs] onto method [springfox.documentation.swagger2.web.Swagger2Controller#getDocumentation(String, HttpServletRequest)]
2020-09-27 13:32:16.910 [restartedMain] INFO  o.s.scheduling.concurrent.ThreadPoolTaskExecutor - Initializing ExecutorService 'applicationTaskExecutor'
2020-09-27 13:32:16.946 [restartedMain] INFO  o.s.b.d.autoconfigure.OptionalLiveReloadServer - LiveReload server is running on port 35729
2020-09-27 13:32:16.975 [restartedMain] INFO  o.s.b.a.web.servlet.WelcomePageHandlerMapping - Adding welcome page template: index
2020-09-27 13:32:17.437 [restartedMain] INFO  org.apache.coyote.http11.Http11NioProtocol - Starting ProtocolHandler ["http-nio-8100"]
2020-09-27 13:32:17.463 [restartedMain] INFO  o.s.boot.web.embedded.tomcat.TomcatWebServer - Tomcat started on port(s): 8100 (http) with context path ''
2020-09-27 13:32:17.465 [restartedMain] INFO  s.d.s.web.plugins.DocumentationPluginsBootstrapper - Context refreshed
2020-09-27 13:32:17.482 [restartedMain] INFO  s.d.s.web.plugins.DocumentationPluginsBootstrapper - Found 1 custom documentation plugin(s)
2020-09-27 13:32:17.517 [restartedMain] INFO  s.d.spring.web.scanners.ApiListingReferenceScanner - Scanning for api listing references
2020-09-27 13:32:17.706 [restartedMain] INFO  com.yl.soft.PlatformApplication - Started PlatformApplication in 5.377 seconds (JVM running for 6.473)
2020-09-27 13:32:18.522 [RMI TCP Connection(3)-192.168.80.1] INFO  o.a.c.core.ContainerBase.[Tomcat].[localhost].[/] - Initializing Spring DispatcherServlet 'dispatcherServlet'
2020-09-27 13:32:18.523 [RMI TCP Connection(3)-192.168.80.1] INFO  org.springframework.web.servlet.DispatcherServlet - Initializing Servlet 'dispatcherServlet'
2020-09-27 13:32:18.532 [RMI TCP Connection(3)-192.168.80.1] INFO  org.springframework.web.servlet.DispatcherServlet - Completed initialization in 9 ms
2020-09-27 13:32:18.556 [RMI TCP Connection(2)-192.168.80.1] INFO  com.alibaba.druid.pool.DruidDataSource - {dataSource-1} inited
